<?xml version="1.0" encoding="UTF-8"?>
<!-- Generated by org.testng.reporters.JUnitReportReporter -->
<testsuite hostname="LAPTOP-1BPUDS4M" failures="0" tests="3" name="com.amazon.qa.testcases.LoginPageTest" time="47.485" errors="0" timestamp="2021-12-13T16:00:37 IST" skipped="0">
  <testcase classname="com.amazon.qa.testcases.LoginPageTest" name="loginaccount" time="25.815"/>
  <system-out/>
  <testcase classname="com.amazon.qa.testcases.LoginPageTest" name="loginPageTitleTest" time="10.427"/>
  <system-out/>
  <testcase classname="com.amazon.qa.testcases.LoginPageTest" name="logoTest" time="11.243"/>
  <system-out/>
</testsuite> <!-- com.amazon.qa.testcases.LoginPageTest -->
