<?xml version="1.0" encoding="UTF-8"?>
<!-- Generated by org.testng.reporters.JUnitReportReporter -->
<testsuite hostname="LAPTOP-1BPUDS4M" failures="0" tests="3" name="com.amazon.qa.testcases.GiftCardsPageTest" time="15.719" errors="0" timestamp="2021-12-13T16:00:37 IST" skipped="1">
  <testcase classname="com.amazon.qa.testcases.GiftCardsPageTest" name="singleOccassionTest" time="4.033"/>
  <system-out/>
  <testcase classname="com.amazon.qa.testcases.GiftCardsPageTest" name="multipleOccassionTest" time="11.686"/>
  <system-out/>
  <testcase classname="com.amazon.qa.testcases.GiftCardsPageTest" name="giftCardsPageClickTest">
    <skipped/>
  </testcase> <!-- giftCardsPageClickTest -->
  <system-out/>
</testsuite> <!-- com.amazon.qa.testcases.GiftCardsPageTest -->
