<?xml version="1.0" encoding="UTF-8"?>
<!-- Generated by org.testng.reporters.JUnitXMLReporter -->
<testsuite ignored="1" hostname="LAPTOP-1BPUDS4M" failures="0" tests="2" name="Default test" time="42.439" errors="0" timestamp="2021-12-13T15:35:05 IST">
  <testcase classname="com.amazon.qa.testcases.GiftCardsPageTest" name="singleOccassionTest" time="3.788"/>
  <testcase classname="com.amazon.qa.testcases.GiftCardsPageTest" name="multipleOccassionTest" time="9.881"/>
  <testcase classname="com.amazon.qa.testcases.GiftCardsPageTest" name="giftCardsPageClickTest" time="0.0">
    <ignored/>
  </testcase> <!-- giftCardsPageClickTest -->
</testsuite> <!-- Default test -->
