<?xml version="1.0" encoding="UTF-8"?>
<testng-results ignored="2" total="11" passed="8" failed="1" skipped="0">
  <reporter-output>
  </reporter-output>
  <suite started-at="2021-12-13T15:58:28 IST" name="amazon application test" finished-at="2021-12-13T16:00:37 IST" duration-ms="128766">
    <groups>
    </groups>
    <test started-at="2021-12-13T15:58:28 IST" name="amazon pages" finished-at="2021-12-13T16:00:37 IST" duration-ms="128766">
      <class name="com.amazon.qa.testcases.GiftCardsPageTest">
        <test-method is-config="true" signature="setUp()[pri:0, instance:com.amazon.qa.testcases.GiftCardsPageTest@25641d39]" started-at="2021-12-13T15:59:56 IST" name="setUp" finished-at="2021-12-13T16:00:20 IST" duration-ms="24365" status="PASS">
          <reporter-output>
          </reporter-output>
        </test-method> <!-- setUp -->
        <test-method signature="singleOccassionTest()[pri:0, instance:com.amazon.qa.testcases.GiftCardsPageTest@25641d39]" started-at="2021-12-13T16:00:20 IST" name="singleOccassionTest" finished-at="2021-12-13T16:00:24 IST" duration-ms="4033" status="PASS">
          <reporter-output>
          </reporter-output>
        </test-method> <!-- singleOccassionTest -->
        <test-method signature="multipleOccassionTest()[pri:1, instance:com.amazon.qa.testcases.GiftCardsPageTest@25641d39]" started-at="2021-12-13T16:00:24 IST" name="multipleOccassionTest" finished-at="2021-12-13T16:00:36 IST" duration-ms="11686" status="PASS">
          <reporter-output>
          </reporter-output>
        </test-method> <!-- multipleOccassionTest -->
        <test-method is-config="true" signature="tearDown()[pri:0, instance:com.amazon.qa.testcases.GiftCardsPageTest@25641d39]" started-at="2021-12-13T16:00:36 IST" name="tearDown" finished-at="2021-12-13T16:00:37 IST" duration-ms="872" status="PASS">
          <reporter-output>
          </reporter-output>
        </test-method> <!-- tearDown -->
      </class> <!-- com.amazon.qa.testcases.GiftCardsPageTest -->
      <class name="com.amazon.qa.testcases.HomePageTest">
        <test-method is-config="true" signature="setUp()[pri:0, instance:com.amazon.qa.testcases.HomePageTest@4a883b15]" started-at="2021-12-13T15:58:28 IST" name="setUp" finished-at="2021-12-13T15:58:51 IST" duration-ms="22563" status="PASS">
          <reporter-output>
          </reporter-output>
        </test-method> <!-- setUp -->
        <test-method signature="verifyHealthPageTest()[pri:1, instance:com.amazon.qa.testcases.HomePageTest@4a883b15]" started-at="2021-12-13T15:59:38 IST" name="verifyHealthPageTest" finished-at="2021-12-13T15:59:46 IST" duration-ms="7994" status="PASS">
          <reporter-output>
          </reporter-output>
        </test-method> <!-- verifyHealthPageTest -->
        <test-method signature="verifycoupensPageTest()[pri:2, instance:com.amazon.qa.testcases.HomePageTest@4a883b15]" started-at="2021-12-13T15:59:46 IST" name="verifycoupensPageTest" finished-at="2021-12-13T15:59:52 IST" duration-ms="5879" status="PASS">
          <reporter-output>
          </reporter-output>
        </test-method> <!-- verifycoupensPageTest -->
        <test-method signature="verifyApayPageTest()[pri:3, instance:com.amazon.qa.testcases.HomePageTest@4a883b15]" started-at="2021-12-13T15:59:52 IST" name="verifyApayPageTest" finished-at="2021-12-13T15:59:55 IST" duration-ms="3210" status="FAIL">
          <exception class="org.openqa.selenium.NoSuchSessionException">
            <message>
              <![CDATA[Session ID is null. Using WebDriver after calling quit()?
Build info: version: '4.1.0', revision: '87802e897b'
System info: host: 'LAPTOP-1BPUDS4M', ip: '192.168.1.49', os.name: 'Windows 10', os.arch: 'amd64', os.version: '10.0', java.version: '16.0.2'
Driver info: org.openqa.selenium.chrome.ChromeDriver
Command: [null, getTitle {}]
Capabilities {acceptInsecureCerts: false, browserName: chrome, browserVersion: 96.0.4664.93, chrome: {chromedriverVersion: 96.0.4664.45 (76e4c1bb2ab46..., userDataDir: C:\Users\velik\AppData\Loca...}, goog:chromeOptions: {debuggerAddress: localhost:61728}, javascriptEnabled: true, networkConnectionEnabled: false, pageLoadStrategy: normal, platform: WINDOWS, platformName: WINDOWS, proxy: Proxy(), se:cdp: ws://localhost:61728/devtoo..., se:cdpVersion: 96.0.4664.93, setWindowRect: true, strictFileInteractability: false, timeouts: {implicit: 0, pageLoad: 300000, script: 30000}, unhandledPromptBehavior: dismiss and notify, webauthn:extension:credBlob: true, webauthn:extension:largeBlob: true, webauthn:virtualAuthenticators: true}]]>
            </message>
            <full-stacktrace>
              <![CDATA[org.openqa.selenium.NoSuchSessionException: Session ID is null. Using WebDriver after calling quit()?
Build info: version: '4.1.0', revision: '87802e897b'
System info: host: 'LAPTOP-1BPUDS4M', ip: '192.168.1.49', os.name: 'Windows 10', os.arch: 'amd64', os.version: '10.0', java.version: '16.0.2'
Driver info: org.openqa.selenium.chrome.ChromeDriver
Command: [null, getTitle {}]
Capabilities {acceptInsecureCerts: false, browserName: chrome, browserVersion: 96.0.4664.93, chrome: {chromedriverVersion: 96.0.4664.45 (76e4c1bb2ab46..., userDataDir: C:\Users\velik\AppData\Loca...}, goog:chromeOptions: {debuggerAddress: localhost:61728}, javascriptEnabled: true, networkConnectionEnabled: false, pageLoadStrategy: normal, platform: WINDOWS, platformName: WINDOWS, proxy: Proxy(), se:cdp: ws://localhost:61728/devtoo..., se:cdpVersion: 96.0.4664.93, setWindowRect: true, strictFileInteractability: false, timeouts: {implicit: 0, pageLoad: 300000, script: 30000}, unhandledPromptBehavior: dismiss and notify, webauthn:extension:credBlob: true, webauthn:extension:largeBlob: true, webauthn:virtualAuthenticators: true}
at org.openqa.selenium.remote.HttpCommandExecutor.execute(HttpCommandExecutor.java:145)
at org.openqa.selenium.remote.service.DriverCommandExecutor.invokeExecute(DriverCommandExecutor.java:164)
at org.openqa.selenium.remote.service.DriverCommandExecutor.execute(DriverCommandExecutor.java:139)
at org.openqa.selenium.remote.RemoteWebDriver.execute(RemoteWebDriver.java:559)
at org.openqa.selenium.remote.RemoteWebDriver.execute(RemoteWebDriver.java:614)
at org.openqa.selenium.remote.RemoteWebDriver.execute(RemoteWebDriver.java:618)
at org.openqa.selenium.remote.RemoteWebDriver.getTitle(RemoteWebDriver.java:333)
at com.amazon.qa.testcases.HomePageTest.verifyApayPageTest(HomePageTest.java:48)
at java.base/jdk.internal.reflect.NativeMethodAccessorImpl.invoke0(Native Method)
at java.base/jdk.internal.reflect.NativeMethodAccessorImpl.invoke(NativeMethodAccessorImpl.java:78)
at java.base/jdk.internal.reflect.DelegatingMethodAccessorImpl.invoke(DelegatingMethodAccessorImpl.java:43)
at java.base/java.lang.reflect.Method.invoke(Method.java:567)
at org.testng.internal.MethodInvocationHelper.invokeMethod(MethodInvocationHelper.java:133)
at org.testng.internal.TestInvoker.invokeMethod(TestInvoker.java:598)
at org.testng.internal.TestInvoker.invokeTestMethod(TestInvoker.java:173)
at org.testng.internal.MethodRunner.runInSequence(MethodRunner.java:46)
at org.testng.internal.TestInvoker$MethodInvocationAgent.invoke(TestInvoker.java:824)
at org.testng.internal.TestInvoker.invokeTestMethods(TestInvoker.java:146)
at org.testng.internal.TestMethodWorker.invokeTestMethods(TestMethodWorker.java:146)
at org.testng.internal.TestMethodWorker.run(TestMethodWorker.java:128)
at java.base/java.util.ArrayList.forEach(ArrayList.java:1511)
at org.testng.TestRunner.privateRun(TestRunner.java:794)
at org.testng.TestRunner.run(TestRunner.java:596)
at org.testng.SuiteRunner.runTest(SuiteRunner.java:377)
at org.testng.SuiteRunner.runSequentially(SuiteRunner.java:371)
at org.testng.SuiteRunner.privateRun(SuiteRunner.java:332)
at org.testng.SuiteRunner.run(SuiteRunner.java:276)
at org.testng.SuiteRunnerWorker.runSuite(SuiteRunnerWorker.java:53)
at org.testng.SuiteRunnerWorker.run(SuiteRunnerWorker.java:96)
at org.testng.TestNG.runSuitesSequentially(TestNG.java:1212)
at org.testng.TestNG.runSuitesLocally(TestNG.java:1134)
at org.testng.TestNG.runSuites(TestNG.java:1063)
at org.testng.TestNG.run(TestNG.java:1031)
at org.testng.remote.AbstractRemoteTestNG.run(AbstractRemoteTestNG.java:115)
at org.testng.remote.RemoteTestNG.initAndRun(RemoteTestNG.java:251)
at org.testng.remote.RemoteTestNG.main(RemoteTestNG.java:77)
]]>
            </full-stacktrace>
          </exception> <!-- org.openqa.selenium.NoSuchSessionException -->
          <reporter-output>
          </reporter-output>
        </test-method> <!-- verifyApayPageTest -->
        <test-method signature="verifyuserlableTest()[pri:4, instance:com.amazon.qa.testcases.HomePageTest@4a883b15]" started-at="2021-12-13T15:59:55 IST" name="verifyuserlableTest" finished-at="2021-12-13T15:59:56 IST" duration-ms="434" status="PASS">
          <reporter-output>
          </reporter-output>
        </test-method> <!-- verifyuserlableTest -->
        <test-method is-config="true" signature="tearDown()[pri:0, instance:com.amazon.qa.testcases.HomePageTest@4a883b15]" started-at="2021-12-13T16:00:37 IST" name="tearDown" finished-at="2021-12-13T16:00:37 IST" duration-ms="0" status="PASS">
          <reporter-output>
          </reporter-output>
        </test-method> <!-- tearDown -->
      </class> <!-- com.amazon.qa.testcases.HomePageTest -->
      <class name="com.amazon.qa.testcases.LoginPageTest">
        <test-method is-config="true" signature="setUp()[pri:0, instance:com.amazon.qa.testcases.LoginPageTest@550dbc7a]" started-at="2021-12-13T15:58:51 IST" name="setUp" finished-at="2021-12-13T15:59:01 IST" duration-ms="10356" status="PASS">
          <reporter-output>
          </reporter-output>
        </test-method> <!-- setUp -->
        <test-method signature="loginaccount()[pri:0, instance:com.amazon.qa.testcases.LoginPageTest@550dbc7a]" started-at="2021-12-13T15:59:01 IST" name="loginaccount" finished-at="2021-12-13T15:59:15 IST" duration-ms="13901" status="PASS">
          <reporter-output>
          </reporter-output>
        </test-method> <!-- loginaccount -->
        <test-method is-config="true" signature="tearDown()[pri:0, instance:com.amazon.qa.testcases.LoginPageTest@550dbc7a]" started-at="2021-12-13T15:59:15 IST" name="tearDown" finished-at="2021-12-13T15:59:17 IST" duration-ms="1653" status="PASS">
          <reporter-output>
          </reporter-output>
        </test-method> <!-- tearDown -->
        <test-method is-config="true" signature="setUp()[pri:0, instance:com.amazon.qa.testcases.LoginPageTest@550dbc7a]" started-at="2021-12-13T15:59:17 IST" name="setUp" finished-at="2021-12-13T15:59:25 IST" duration-ms="8484" status="PASS">
          <reporter-output>
          </reporter-output>
        </test-method> <!-- setUp -->
        <test-method signature="loginPageTitleTest()[pri:1, instance:com.amazon.qa.testcases.LoginPageTest@550dbc7a]" started-at="2021-12-13T15:59:25 IST" name="loginPageTitleTest" finished-at="2021-12-13T15:59:26 IST" duration-ms="1037" status="PASS">
          <reporter-output>
          </reporter-output>
        </test-method> <!-- loginPageTitleTest -->
        <test-method is-config="true" signature="tearDown()[pri:0, instance:com.amazon.qa.testcases.LoginPageTest@550dbc7a]" started-at="2021-12-13T15:59:26 IST" name="tearDown" finished-at="2021-12-13T15:59:28 IST" duration-ms="1558" status="PASS">
          <reporter-output>
          </reporter-output>
        </test-method> <!-- tearDown -->
        <test-method is-config="true" signature="setUp()[pri:0, instance:com.amazon.qa.testcases.LoginPageTest@550dbc7a]" started-at="2021-12-13T15:59:28 IST" name="setUp" finished-at="2021-12-13T15:59:36 IST" duration-ms="8234" status="PASS">
          <reporter-output>
          </reporter-output>
        </test-method> <!-- setUp -->
        <test-method signature="logoTest()[pri:2, instance:com.amazon.qa.testcases.LoginPageTest@550dbc7a]" started-at="2021-12-13T15:59:36 IST" name="logoTest" finished-at="2021-12-13T15:59:37 IST" duration-ms="1106" status="PASS">
          <reporter-output>
          </reporter-output>
        </test-method> <!-- logoTest -->
        <test-method is-config="true" signature="tearDown()[pri:0, instance:com.amazon.qa.testcases.LoginPageTest@550dbc7a]" started-at="2021-12-13T15:59:37 IST" name="tearDown" finished-at="2021-12-13T15:59:38 IST" duration-ms="1156" status="PASS">
          <reporter-output>
          </reporter-output>
        </test-method> <!-- tearDown -->
      </class> <!-- com.amazon.qa.testcases.LoginPageTest -->
    </test> <!-- amazon pages -->
  </suite> <!-- amazon application test -->
</testng-results>
